INFO  time: initialize in 0.67s
WARN  no build target: /Users/stevendellamore/Desktop/CS352/proj3/examples/invalid_semantic_arithm.scala
WARN  no build target: /Users/stevendellamore/Desktop/CS352/proj3/examples/invalid_semantic_imm_variables.scala
WARN  no build target: /Users/stevendellamore/Desktop/CS352/proj3/examples/invalid_semantic_mut_variables.scala
WARN  no build target: /Users/stevendellamore/Desktop/CS352/proj3/examples/invalid_syntax_arithm.scala
WARN  no build target: /Users/stevendellamore/Desktop/CS352/proj3/examples/invalid_syntax_branch.scala
WARN  no build target: /Users/stevendellamore/Desktop/CS352/proj3/examples/invalid_syntax_imm_variables.scala
WARN  no build target: /Users/stevendellamore/Desktop/CS352/proj3/examples/invalid_syntax_loop.scala
WARN  no build target: /Users/stevendellamore/Desktop/CS352/proj3/examples/invalid_syntax_mut_variables.scala
WARN  no build target: /Users/stevendellamore/Desktop/CS352/proj3/src/main/scala/project3/Parser.scala
INFO  no build target: using presentation compiler with only scala-library
WARN  code navigation does not work for the file '/Users/stevendellamore/Desktop/CS352/proj3/src/main/scala/project3/Parser.scala' because it doesn't belong to a build target.
WARN  no build target: /Users/stevendellamore/Desktop/CS352/proj3/src/main/scala/project3/Parser.scala
WARN  no build target: 
WARN  no build target: /Users/stevendellamore/Desktop/CS352/proj3/src/main/scala/project3/SemanticAnalyzer.scala
WARN  no build target: /Users/stevendellamore/Desktop/CS352/proj3/src/main/scala/project3/SemanticAnalyzer.scala
WARN  no build target: 
WARN  no build target: /Users/stevendellamore/Desktop/CS352/proj3/src/main/scala/project3/Compiler.scala
WARN  code navigation does not work for the file '/Users/stevendellamore/Desktop/CS352/proj3/src/main/scala/project3/SemanticAnalyzer.scala' because it doesn't belong to a build target.
WARN  no build target: /Users/stevendellamore/Desktop/CS352/proj3/src/main/scala/project3/SemanticAnalyzer.scala
WARN  no build target: 
Jan 28, 2020 1:00:09 PM scala.meta.internal.pc.CompilerAccess handleError
SEVERE: null
java.lang.NullPointerException
	at scala.meta.internal.pc.HoverProvider.seenFromType(HoverProvider.scala:106)
	at scala.meta.internal.pc.HoverProvider.hover(HoverProvider.scala:42)

WARN  code navigation does not work for the file '/Users/stevendellamore/Desktop/CS352/proj3/src/main/scala/project3/Parser.scala' because it doesn't belong to a build target.
WARN  no build target: /Users/stevendellamore/Desktop/CS352/proj3/src/main/scala/project3/Parser.scala
WARN  no build target: 
WARN  no build target: /Users/stevendellamore/Desktop/CS352/proj3/src/main/scala/project3/SemanticAnalyzer.scala
WARN  code navigation does not work for the file '/Users/stevendellamore/Desktop/CS352/proj3/src/main/scala/project3/Parser.scala' because it doesn't belong to a build target.
WARN  code navigation does not work for the file '/Users/stevendellamore/Desktop/CS352/proj3/src/main/scala/project3/Parser.scala' because it doesn't belong to a build target.
WARN  code navigation does not work for the file '/Users/stevendellamore/Desktop/CS352/proj3/src/main/scala/project3/Parser.scala' because it doesn't belong to a build target.
WARN  no build target: /Users/stevendellamore/Desktop/CS352/proj3/src/main/scala/project3/Parser.scala
WARN  no build target: /Users/stevendellamore/Desktop/CS352/proj3/src/main/scala/project3/Parser.scala
WARN  no build target: /Users/stevendellamore/Desktop/CS352/proj3/src/main/scala/project3/Parser.scala
WARN  no build target: /Users/stevendellamore/Desktop/CS352/proj3/src/main/scala/project3/Parser.scala
WARN  no build target: /Users/stevendellamore/Desktop/CS352/proj3/src/main/scala/project3/Parser.scala
WARN  no build target: /Users/stevendellamore/Desktop/CS352/proj3/src/main/scala/project3/Parser.scala
  /Users/stevendellamore/Desktop/CS352/proj3/src/main/scala/project3/Parser.scala
WARN  no build target: /Users/stevendellamore/Desktop/CS352/proj3/src/main/scala/project3/Parser.scala
WARN  no build target: /Users/stevendellamore/Desktop/CS352/proj3/src/main/scala/project3/Parser.scala
WARN  no build target: /Users/stevendellamore/Desktop/CS352/proj3/src/main/scala/project3/Parser.scala
WARN  no build target: /Users/stevendellamore/Desktop/CS352/proj3/src/main/scala/project3/Parser.scala
WARN  no build target: /Users/stevendellamore/Desktop/CS352/proj3/src/main/scala/project3/Parser.scala
INFO  shutting down Metals
