INFO  time: initialize in 0.31s
WARN  no build tool detected in workspace '/Users/stevendellamore/Desktop/CS352'. The most common cause for this problem is that the editor was opened in the wrong working directory, for example if you use sbt then the workspace directory should contain build.sbt. 
WARN  no build target: /Users/stevendellamore/Desktop/CS352/proj1/src/test/scala/project1/GeneratorTest.scala
INFO  no build target: using presentation compiler with only scala-library
WARN  no build tool detected in workspace '/Users/stevendellamore/Desktop/CS352'. The most common cause for this problem is that the editor was opened in the wrong working directory, for example if you use sbt then the workspace directory should contain build.sbt. 
WARN  no build target: /Users/stevendellamore/Desktop/CS352/proj1/src/test/scala/project1/GeneratorTest.scala
WARN  no build target: 
WARN  no build target: /Users/stevendellamore/Desktop/CS352/proj1/src/test/scala/project1/GeneratorTest.scala
WARN  no build target: 
WARN  no build tool detected in workspace '/Users/stevendellamore/Desktop/CS352'. The most common cause for this problem is that the editor was opened in the wrong working directory, for example if you use sbt then the workspace directory should contain build.sbt. 
WARN  no build tool detected in workspace '/Users/stevendellamore/Desktop/CS352'. The most common cause for this problem is that the editor was opened in the wrong working directory, for example if you use sbt then the workspace directory should contain build.sbt. 
WARN  no build tool detected in workspace '/Users/stevendellamore/Desktop/CS352'. The most common cause for this problem is that the editor was opened in the wrong working directory, for example if you use sbt then the workspace directory should contain build.sbt. 
WARN  no build tool detected in workspace '/Users/stevendellamore/Desktop/CS352'. The most common cause for this problem is that the editor was opened in the wrong working directory, for example if you use sbt then the workspace directory should contain build.sbt. 
WARN  no build tool detected in workspace '/Users/stevendellamore/Desktop/CS352'. The most common cause for this problem is that the editor was opened in the wrong working directory, for example if you use sbt then the workspace directory should contain build.sbt. 
WARN  no build tool detected in workspace '/Users/stevendellamore/Desktop/CS352'. The most common cause for this problem is that the editor was opened in the wrong working directory, for example if you use sbt then the workspace directory should contain build.sbt. 
WARN  no build target: /Users/stevendellamore/Desktop/CS352/proj1/src/main/scala/project1/Main.scala
WARN  no build target: /Users/stevendellamore/Desktop/CS352/proj1/src/main/scala/project1/Generator.scala
WARN  no build tool detected in workspace '/Users/stevendellamore/Desktop/CS352'. The most common cause for this problem is that the editor was opened in the wrong working directory, for example if you use sbt then the workspace directory should contain build.sbt. 
WARN  no build tool detected in workspace '/Users/stevendellamore/Desktop/CS352'. The most common cause for this problem is that the editor was opened in the wrong working directory, for example if you use sbt then the workspace directory should contain build.sbt. 
WARN  no build tool detected in workspace '/Users/stevendellamore/Desktop/CS352'. The most common cause for this problem is that the editor was opened in the wrong working directory, for example if you use sbt then the workspace directory should contain build.sbt. 
WARN  no build target: /Users/stevendellamore/Desktop/CS352/proj1/src/main/scala/project1/Generator.scala
WARN  no build target: 
WARN  no build tool detected in workspace '/Users/stevendellamore/Desktop/CS352'. The most common cause for this problem is that the editor was opened in the wrong working directory, for example if you use sbt then the workspace directory should contain build.sbt. 
WARN  no build tool detected in workspace '/Users/stevendellamore/Desktop/CS352'. The most common cause for this problem is that the editor was opened in the wrong working directory, for example if you use sbt then the workspace directory should contain build.sbt. 
WARN  no build tool detected in workspace '/Users/stevendellamore/Desktop/CS352'. The most common cause for this problem is that the editor was opened in the wrong working directory, for example if you use sbt then the workspace directory should contain build.sbt. 
WARN  no build tool detected in workspace '/Users/stevendellamore/Desktop/CS352'. The most common cause for this problem is that the editor was opened in the wrong working directory, for example if you use sbt then the workspace directory should contain build.sbt. 
WARN  no build tool detected in workspace '/Users/stevendellamore/Desktop/CS352'. The most common cause for this problem is that the editor was opened in the wrong working directory, for example if you use sbt then the workspace directory should contain build.sbt. 
Jan 15, 2020 8:29:59 PM scala.meta.internal.pc.CompilerAccess handleError
SEVERE: null
java.lang.NullPointerException
	at scala.meta.internal.pc.HoverProvider.seenFromType(HoverProvider.scala:106)
	at scala.meta.internal.pc.HoverProvider.hover(HoverProvider.scala:42)

WARN  no build tool detected in workspace '/Users/stevendellamore/Desktop/CS352'. The most common cause for this problem is that the editor was opened in the wrong working directory, for example if you use sbt then the workspace directory should contain build.sbt. 
WARN  no build tool detected in workspace '/Users/stevendellamore/Desktop/CS352'. The most common cause for this problem is that the editor was opened in the wrong working directory, for example if you use sbt then the workspace directory should contain build.sbt. 
WARN  no build target: /Users/stevendellamore/Desktop/CS352/proj1/src/test/scala/project1/GeneratorTest.scala
WARN  no build target: 
WARN  no build tool detected in workspace '/Users/stevendellamore/Desktop/CS352'. The most common cause for this problem is that the editor was opened in the wrong working directory, for example if you use sbt then the workspace directory should contain build.sbt. 
WARN  no build target: /Users/stevendellamore/Desktop/CS352/proj1/src/test/scala/project1/GeneratorTest.scala
WARN  no build target: 
WARN  no build tool detected in workspace '/Users/stevendellamore/Desktop/CS352'. The most common cause for this problem is that the editor was opened in the wrong working directory, for example if you use sbt then the workspace directory should contain build.sbt. 
WARN  no build target: /Users/stevendellamore/Desktop/CS352/proj1/src/main/scala/project1/Parser.scala
WARN  no build target: /Users/stevendellamore/Desktop/CS352/proj1/src/main/scala/project1/Generator.scala
WARN  no build target: /Users/stevendellamore/Desktop/CS352/proj1/src/main/scala/project1/Parser.scala
Jan 15, 2020 8:45:16 PM scala.meta.internal.pc.CompilerAccess handleError
SEVERE: null
java.lang.NullPointerException
	at scala.meta.internal.pc.HoverProvider.seenFromType(HoverProvider.scala:106)
	at scala.meta.internal.pc.HoverProvider.hover(HoverProvider.scala:42)

WARN  no build tool detected in workspace '/Users/stevendellamore/Desktop/CS352'. The most common cause for this problem is that the editor was opened in the wrong working directory, for example if you use sbt then the workspace directory should contain build.sbt. 
WARN  no build target: /Users/stevendellamore/Desktop/CS352/proj1/src/main/scala/project1/Generator.scala
WARN  no build target: 
WARN  no build tool detected in workspace '/Users/stevendellamore/Desktop/CS352'. The most common cause for this problem is that the editor was opened in the wrong working directory, for example if you use sbt then the workspace directory should contain build.sbt. 
WARN  no build target: /Users/stevendellamore/Desktop/CS352/proj1/src/main/scala/project1/Generator.scala
WARN  no build target: 
WARN  no build target: /Users/stevendellamore/Desktop/CS352/proj1/src/main/scala/project1/Generator.scala
WARN  no build target: 
WARN  no build tool detected in workspace '/Users/stevendellamore/Desktop/CS352'. The most common cause for this problem is that the editor was opened in the wrong working directory, for example if you use sbt then the workspace directory should contain build.sbt. 
WARN  no build tool detected in workspace '/Users/stevendellamore/Desktop/CS352'. The most common cause for this problem is that the editor was opened in the wrong working directory, for example if you use sbt then the workspace directory should contain build.sbt. 
WARN  no build tool detected in workspace '/Users/stevendellamore/Desktop/CS352'. The most common cause for this problem is that the editor was opened in the wrong working directory, for example if you use sbt then the workspace directory should contain build.sbt. 
WARN  no build tool detected in workspace '/Users/stevendellamore/Desktop/CS352'. The most common cause for this problem is that the editor was opened in the wrong working directory, for example if you use sbt then the workspace directory should contain build.sbt. 
WARN  no build tool detected in workspace '/Users/stevendellamore/Desktop/CS352'. The most common cause for this problem is that the editor was opened in the wrong working directory, for example if you use sbt then the workspace directory should contain build.sbt. 
WARN  no build tool detected in workspace '/Users/stevendellamore/Desktop/CS352'. The most common cause for this problem is that the editor was opened in the wrong working directory, for example if you use sbt then the workspace directory should contain build.sbt. 
WARN  no build target: /Users/stevendellamore/Desktop/CS352/proj1/src/main/scala/project1/Generator.scala
WARN  no build target: 
WARN  no build tool detected in workspace '/Users/stevendellamore/Desktop/CS352'. The most common cause for this problem is that the editor was opened in the wrong working directory, for example if you use sbt then the workspace directory should contain build.sbt. 
WARN  no build target: /Users/stevendellamore/Desktop/CS352/proj1/src/main/scala/project1/Generator.scala
WARN  no build target: 
WARN  no build tool detected in workspace '/Users/stevendellamore/Desktop/CS352'. The most common cause for this problem is that the editor was opened in the wrong working directory, for example if you use sbt then the workspace directory should contain build.sbt. 
WARN  no build target: /Users/stevendellamore/Desktop/CS352/proj1/src/main/scala/project1/Generator.scala
WARN  no build target: 
WARN  no build tool detected in workspace '/Users/stevendellamore/Desktop/CS352'. The most common cause for this problem is that the editor was opened in the wrong working directory, for example if you use sbt then the workspace directory should contain build.sbt. 
WARN  no build target: /Users/stevendellamore/Desktop/CS352/proj1/src/main/scala/project1/Generator.scala
WARN  no build target: 
WARN  no build target: /Users/stevendellamore/Desktop/CS352/proj1/src/main/scala/project1/Generator.scala
WARN  no build target: 
WARN  no build tool detected in workspace '/Users/stevendellamore/Desktop/CS352'. The most common cause for this problem is that the editor was opened in the wrong working directory, for example if you use sbt then the workspace directory should contain build.sbt. 
WARN  no build tool detected in workspace '/Users/stevendellamore/Desktop/CS352'. The most common cause for this problem is that the editor was opened in the wrong working directory, for example if you use sbt then the workspace directory should contain build.sbt. 
WARN  no build tool detected in workspace '/Users/stevendellamore/Desktop/CS352'. The most common cause for this problem is that the editor was opened in the wrong working directory, for example if you use sbt then the workspace directory should contain build.sbt. 
WARN  no build target: /Users/stevendellamore/Desktop/CS352/proj1/src/main/scala/project1/Generator.scala
WARN  no build target: 
WARN  no build target: /Users/stevendellamore/Desktop/CS352/proj1/src/main/scala/project1/Generator.scala
WARN  no build target: 
WARN  no build target: /Users/stevendellamore/Desktop/CS352/proj1/src/main/scala/project1/Generator.scala
WARN  no build target: 
WARN  no build target: /Users/stevendellamore/Desktop/CS352/proj1/src/main/scala/project1/Generator.scala
WARN  no build target: 
WARN  no build target: /Users/stevendellamore/Desktop/CS352/proj1/src/main/scala/project1/Generator.scala
WARN  no build target: 
WARN  no build tool detected in workspace '/Users/stevendellamore/Desktop/CS352'. The most common cause for this problem is that the editor was opened in the wrong working directory, for example if you use sbt then the workspace directory should contain build.sbt. 
WARN  no build tool detected in workspace '/Users/stevendellamore/Desktop/CS352'. The most common cause for this problem is that the editor was opened in the wrong working directory, for example if you use sbt then the workspace directory should contain build.sbt. 
WARN  no build tool detected in workspace '/Users/stevendellamore/Desktop/CS352'. The most common cause for this problem is that the editor was opened in the wrong working directory, for example if you use sbt then the workspace directory should contain build.sbt. 
WARN  no build tool detected in workspace '/Users/stevendellamore/Desktop/CS352'. The most common cause for this problem is that the editor was opened in the wrong working directory, for example if you use sbt then the workspace directory should contain build.sbt. 
WARN  no build target: /Users/stevendellamore/Desktop/CS352/proj1/src/main/scala/project1/Generator.scala
WARN  no build target: 
WARN  no build tool detected in workspace '/Users/stevendellamore/Desktop/CS352'. The most common cause for this problem is that the editor was opened in the wrong working directory, for example if you use sbt then the workspace directory should contain build.sbt. 
WARN  no build tool detected in workspace '/Users/stevendellamore/Desktop/CS352'. The most common cause for this problem is that the editor was opened in the wrong working directory, for example if you use sbt then the workspace directory should contain build.sbt. 
WARN  no build tool detected in workspace '/Users/stevendellamore/Desktop/CS352'. The most common cause for this problem is that the editor was opened in the wrong working directory, for example if you use sbt then the workspace directory should contain build.sbt. 
WARN  no build tool detected in workspace '/Users/stevendellamore/Desktop/CS352'. The most common cause for this problem is that the editor was opened in the wrong working directory, for example if you use sbt then the workspace directory should contain build.sbt. 
WARN  no build tool detected in workspace '/Users/stevendellamore/Desktop/CS352'. The most common cause for this problem is that the editor was opened in the wrong working directory, for example if you use sbt then the workspace directory should contain build.sbt. 
WARN  no build tool detected in workspace '/Users/stevendellamore/Desktop/CS352'. The most common cause for this problem is that the editor was opened in the wrong working directory, for example if you use sbt then the workspace directory should contain build.sbt. 
WARN  no build tool detected in workspace '/Users/stevendellamore/Desktop/CS352'. The most common cause for this problem is that the editor was opened in the wrong working directory, for example if you use sbt then the workspace directory should contain build.sbt. 
WARN  no build target: /Users/stevendellamore/Desktop/CS352/proj1/src/main/scala/project1/Generator.scala
WARN  no build target: 
WARN  no build tool detected in workspace '/Users/stevendellamore/Desktop/CS352'. The most common cause for this problem is that the editor was opened in the wrong working directory, for example if you use sbt then the workspace directory should contain build.sbt. 
WARN  no build tool detected in workspace '/Users/stevendellamore/Desktop/CS352'. The most common cause for this problem is that the editor was opened in the wrong working directory, for example if you use sbt then the workspace directory should contain build.sbt. 
WARN  no build target: /Users/stevendellamore/Desktop/CS352/proj1/src/main/scala/project1/Generator.scala
WARN  no build target: 
WARN  no build tool detected in workspace '/Users/stevendellamore/Desktop/CS352'. The most common cause for this problem is that the editor was opened in the wrong working directory, for example if you use sbt then the workspace directory should contain build.sbt. 
WARN  no build target: /Users/stevendellamore/Desktop/CS352/proj1/src/main/scala/project1/Generator.scala
WARN  no build target: 
WARN  no build target: /Users/stevendellamore/Desktop/CS352/proj1/src/main/scala/project1/Generator.scala
WARN  no build target: 
WARN  no build tool detected in workspace '/Users/stevendellamore/Desktop/CS352'. The most common cause for this problem is that the editor was opened in the wrong working directory, for example if you use sbt then the workspace directory should contain build.sbt. 
WARN  no build tool detected in workspace '/Users/stevendellamore/Desktop/CS352'. The most common cause for this problem is that the editor was opened in the wrong working directory, for example if you use sbt then the workspace directory should contain build.sbt. 
WARN  no build tool detected in workspace '/Users/stevendellamore/Desktop/CS352'. The most common cause for this problem is that the editor was opened in the wrong working directory, for example if you use sbt then the workspace directory should contain build.sbt. 
WARN  no build tool detected in workspace '/Users/stevendellamore/Desktop/CS352'. The most common cause for this problem is that the editor was opened in the wrong working directory, for example if you use sbt then the workspace directory should contain build.sbt. 
WARN  no build tool detected in workspace '/Users/stevendellamore/Desktop/CS352'. The most common cause for this problem is that the editor was opened in the wrong working directory, for example if you use sbt then the workspace directory should contain build.sbt. 
WARN  no build tool detected in workspace '/Users/stevendellamore/Desktop/CS352'. The most common cause for this problem is that the editor was opened in the wrong working directory, for example if you use sbt then the workspace directory should contain build.sbt. 
WARN  no build tool detected in workspace '/Users/stevendellamore/Desktop/CS352'. The most common cause for this problem is that the editor was opened in the wrong working directory, for example if you use sbt then the workspace directory should contain build.sbt. 
WARN  no build tool detected in workspace '/Users/stevendellamore/Desktop/CS352'. The most common cause for this problem is that the editor was opened in the wrong working directory, for example if you use sbt then the workspace directory should contain build.sbt. 
WARN  no build target: /Users/stevendellamore/Desktop/CS352/proj1/src/main/scala/project1/Generator.scala
WARN  no build target: 
WARN  no build tool detected in workspace '/Users/stevendellamore/Desktop/CS352'. The most common cause for this problem is that the editor was opened in the wrong working directory, for example if you use sbt then the workspace directory should contain build.sbt. 
WARN  no build target: /Users/stevendellamore/Desktop/CS352/proj1/src/main/scala/project1/Generator.scala
WARN  no build target: 
